<?xml version="1.0" encoding="UTF-8"?>
<testng-results ignored="0" total="4" passed="4" failed="0" skipped="0">
  <reporter-output>
  </reporter-output>
  <suite started-at="2020-02-28T12:34:22 GMT" name="Default suite" finished-at="2020-02-28T12:35:32 GMT" duration-ms="69923">
    <groups>
    </groups>
    <test started-at="2020-02-28T12:34:22 GMT" name="Default test" finished-at="2020-02-28T12:35:32 GMT" duration-ms="69923">
      <class name="Jupitertoys.JupiterToysApplication">
        <test-method signature="loginJupiterToys()[pri:1, instance:Jupitertoys.JupiterToysApplication@1e802ef9]" started-at="2020-02-28T12:34:22 GMT" name="loginJupiterToys" finished-at="2020-02-28T12:34:40 GMT" duration-ms="17719" status="PASS">
          <reporter-output>
          </reporter-output>
        </test-method> <!-- loginJupiterToys -->
        <test-method signature="contactJupiterToys()[pri:2, instance:Jupitertoys.JupiterToysApplication@1e802ef9]" started-at="2020-02-28T12:34:40 GMT" name="contactJupiterToys" finished-at="2020-02-28T12:35:00 GMT" duration-ms="20846" status="PASS">
          <reporter-output>
          </reporter-output>
        </test-method> <!-- contactJupiterToys -->
        <test-method signature="ShopJupiterToys()[pri:3, instance:Jupitertoys.JupiterToysApplication@1e802ef9]" started-at="2020-02-28T12:35:00 GMT" name="ShopJupiterToys" finished-at="2020-02-28T12:35:19 GMT" duration-ms="18807" status="PASS">
          <reporter-output>
          </reporter-output>
        </test-method> <!-- ShopJupiterToys -->
        <test-method signature="invalidLoginJupiterToys()[pri:4, instance:Jupitertoys.JupiterToysApplication@1e802ef9]" started-at="2020-02-28T12:35:19 GMT" name="invalidLoginJupiterToys" finished-at="2020-02-28T12:35:32 GMT" duration-ms="12480" status="PASS">
          <reporter-output>
          </reporter-output>
        </test-method> <!-- invalidLoginJupiterToys -->
      </class> <!-- Jupitertoys.JupiterToysApplication -->
    </test> <!-- Default test -->
  </suite> <!-- Default suite -->
</testng-results>
